<?xml version="1.0" encoding="UTF-8"?>
<!-- Generated by org.testng.reporters.JUnitReportReporter -->
<testsuite skipped="0" hostname="john-PC" name="DriverFactory.WebtourReg" tests="1" failures="0" timestamp="09 Nov 2019 04:15:25 GMT" time="41.709" errors="0">
  <testcase name="verifyregister" time="41.709" classname="DriverFactory.WebtourReg"/>
</testsuite> <!-- DriverFactory.WebtourReg -->
