<?xml version="1.0" encoding="UTF-8"?>
<!-- Generated by org.testng.reporters.JUnitReportReporter -->
<testsuite hostname="john-PC" name="DriverFactory.DataDrivernFrameWork" tests="1" failures="0" timestamp="6 Nov 2019 03:27:11 GMT" time="69.879" errors="0">
  <testcase name="verifylogin" time="69.879" classname="DriverFactory.DataDrivernFrameWork"/>
</testsuite> <!-- DriverFactory.DataDrivernFrameWork -->
