<?xml version="1.0" encoding="UTF-8"?>
<!-- Generated by org.testng.reporters.JUnitReportReporter -->
<testsuite hostname="john-PC" name="DriverFactory.PomDriverScript" tests="1" failures="0" timestamp="9 Nov 2019 07:14:19 GMT" time="180.823" errors="0">
  <testcase name="empcreation" time="180.823" classname="DriverFactory.PomDriverScript"/>
</testsuite> <!-- DriverFactory.PomDriverScript -->
